{"C:\\Users\\nemeyeth\\Desktop\\development\\openx-internship-js\\src\\vite-env.d.ts": {"path":"C:\\Users\\nemeyeth\\Desktop\\development\\openx-internship-js\\src\\vite-env.d.ts","statementMap":{},"fnMap":{},"branchMap":{},"s":{},"f":{},"b":{}}
,"C:\\Users\\nemeyeth\\Desktop\\development\\openx-internship-js\\src\\variables\\urls.ts": {"path":"C:\\Users\\nemeyeth\\Desktop\\development\\openx-internship-js\\src\\variables\\urls.ts","statementMap":{"0":{"start":{"line":1,"column":28},"end":{"line":6,"column":1}}},"fnMap":{},"branchMap":{},"s":{"0":0},"f":{},"b":{}}
}
